<?xml version="1.0" encoding="UTF-8"?>
<testsuite name="com.developer.SpringMySQL.SpringMySqlApplicationTests" time="0.019" tests="1" errors="1" skipped="0" failures="0">
  <properties>
[...]
</properties>
  <testcase name="initializationError" classname="com.developer.SpringMySQL.SpringMySqlApplicationTests" time="0.019">
    <error message="Unable to find a @SpringBootConfiguration, you need to use @ContextConfiguration or @SpringBootTest(classes=...) with your test" type="java.lang.IllegalStateException"><![CDATA[java.lang.IllegalStateException: Unable to find a @SpringBootConfiguration, you need to use @ContextConfiguration or @SpringBootTest(classes=...) with your test
	at org.springframework.util.Assert.state(Assert.java:70)
	at org.springframework.boot.test.context.SpringBootTestContextBootstrapper.getOrFindConfigurationClasses(SpringBootTestContextBootstrapper.java:202)
	at org.springframework.boot.test.context.SpringBootTestContextBootstrapper.processMergedContextConfiguration(SpringBootTestContextBootstrapper.java:137)
	at org.springframework.test.context.support.AbstractTestContextBootstrapper.buildMergedContextConfiguration(AbstractTestContextBootstrapper.java:409)
	at org.springframework.test.context.support.AbstractTestContextBootstrapper.buildDefaultMergedContextConfiguration(AbstractTestContextBootstrapper.java:323)
	at org.springframework.test.context.support.AbstractTestContextBootstrapper.buildMergedContextConfiguration(AbstractTestContextBootstrapper.java:277)
	at org.springframework.test.context.support.AbstractTestContextBootstrapper.buildTestContext(AbstractTestContextBootstrapper.java:112)
	at org.springframework.boot.test.context.SpringBootTestContextBootstrapper.buildTestContext(SpringBootTestContextBootstrapper.java:82)
	at org.springframework.test.context.TestContextManager.<init>(TestContextManager.java:120)
	at org.springframework.test.context.TestContextManager.<init>(TestContextManager.java:105)
	at org.springframework.test.context.junit4.SpringJUnit4ClassRunner.createTestContextManager(SpringJUnit4ClassRunner.java:152)
	at org.springframework.test.context.junit4.SpringJUnit4ClassRunner.<init>(SpringJUnit4ClassRunner.java:143)
	at org.springframework.test.context.junit4.SpringRunner.<init>(SpringRunner.java:49)
	at sun.reflect.NativeConstructorAccessorImpl.newInstance0(Native Method)
	at sun.reflect.NativeConstructorAccessorImpl.newInstance(NativeConstructorAccessorImpl.java:62)
	at sun.reflect.DelegatingConstructorAccessorImpl.newInstance(DelegatingConstructorAccessorImpl.java:45)
	at java.lang.reflect.Constructor.newInstance(Constructor.java:423)
	at org.junit.internal.builders.AnnotatedBuilder.buildRunner(AnnotatedBuilder.java:104)
	at org.junit.internal.builders.AnnotatedBuilder.runnerForClass(AnnotatedBuilder.java:86)
	at org.junit.runners.model.RunnerBuilder.safeRunnerForClass(RunnerBuilder.java:59)
	at org.junit.internal.builders.AllDefaultPossibilitiesBuilder.runnerForClass(AllDefaultPossibilitiesBuilder.java:26)
	at org.junit.runners.model.RunnerBuilder.safeRunnerForClass(RunnerBuilder.java:59)
	at org.junit.internal.requests.ClassRequest.getRunner(ClassRequest.java:33)
	at org.apache.maven.surefire.junit4.JUnit4Provider.execute(JUnit4Provider.java:283)
	at org.apache.maven.surefire.junit4.JUnit4Provider.executeWithRerun(JUnit4Provider.java:173)
	at org.apache.maven.surefire.junit4.JUnit4Provider.executeTestSet(JUnit4Provider.java:153)
	at org.apache.maven.surefire.junit4.JUnit4Provider.invoke(JUnit4Provider.java:128)
	at org.apache.maven.surefire.booter.ForkedBooter.invokeProviderInSameClassLoader(ForkedBooter.java:203)
	at org.apache.maven.surefire.booter.ForkedBooter.runSuitesInProcess(ForkedBooter.java:155)
	at org.apache.maven.surefire.booter.ForkedBooter.main(ForkedBooter.java:103)
]]></error>
    <system-out><![CDATA[17:48:31.616 [main] DEBUG org.springframework.test.context.junit4.SpringJUnit4ClassRunner - SpringJUnit4ClassRunner constructor called with [class com.developer.SpringMySQL.SpringMySqlApplicationTests]
17:48:31.648 [main] DEBUG org.springframework.test.context.BootstrapUtils - Instantiating CacheAwareContextLoaderDelegate from class [org.springframework.test.context.cache.DefaultCacheAwareContextLoaderDelegate]
17:48:31.660 [main] DEBUG org.springframework.test.context.BootstrapUtils - Instantiating BootstrapContext using constructor [public org.springframework.test.context.support.DefaultBootstrapContext(java.lang.Class,org.springframework.test.context.CacheAwareContextLoaderDelegate)]
17:48:31.683 [main] DEBUG org.springframework.test.context.BootstrapUtils - Instantiating TestContextBootstrapper for test class [com.developer.SpringMySQL.SpringMySqlApplicationTests] from class [org.springframework.boot.test.context.SpringBootTestContextBootstrapper]
17:48:31.706 [main] INFO org.springframework.boot.test.context.SpringBootTestContextBootstrapper - Neither @ContextConfiguration nor @ContextHierarchy found for test class [com.developer.SpringMySQL.SpringMySqlApplicationTests], using SpringBootContextLoader
17:48:31.712 [main] DEBUG org.springframework.test.context.support.AbstractContextLoader - Did not detect default resource location for test class [com.developer.SpringMySQL.SpringMySqlApplicationTests]: class path resource [com/developer/SpringMySQL/SpringMySqlApplicationTests-context.xml] does not exist
17:48:31.712 [main] DEBUG org.springframework.test.context.support.AbstractContextLoader - Did not detect default resource location for test class [com.developer.SpringMySQL.SpringMySqlApplicationTests]: class path resource [com/developer/SpringMySQL/SpringMySqlApplicationTestsContext.groovy] does not exist
17:48:31.712 [main] INFO org.springframework.test.context.support.AbstractContextLoader - Could not detect default resource locations for test class [com.developer.SpringMySQL.SpringMySqlApplicationTests]: no resource found for suffixes {-context.xml, Context.groovy}.
17:48:31.714 [main] INFO org.springframework.test.context.support.AnnotationConfigContextLoaderUtils - Could not detect default configuration classes for test class [com.developer.SpringMySQL.SpringMySqlApplicationTests]: SpringMySqlApplicationTests does not declare any static, non-private, non-final, nested classes annotated with @Configuration.
17:48:31.791 [main] DEBUG org.springframework.test.context.support.ActiveProfilesUtils - Could not find an 'annotation declaring class' for annotation type [org.springframework.test.context.ActiveProfiles] and class [com.developer.SpringMySQL.SpringMySqlApplicationTests]
17:48:31.814 [main] DEBUG org.springframework.core.env.StandardEnvironment - Adding [systemProperties] PropertySource with lowest search precedence
17:48:31.817 [main] DEBUG org.springframework.core.env.StandardEnvironment - Adding [systemEnvironment] PropertySource with lowest search precedence
17:48:31.817 [main] DEBUG org.springframework.core.env.StandardEnvironment - Initialized StandardEnvironment with PropertySources [systemProperties,systemEnvironment]
17:48:31.841 [main] DEBUG org.springframework.core.io.support.PathMatchingResourcePatternResolver - Resolved classpath location [com/developer/SpringMySQL/] to resources [URL [file:/D:/iNTELI_jA/SpringBootMySQL-CRUD/target/test-classes/com/developer/SpringMySQL/]]
17:48:31.842 [main] DEBUG org.springframework.core.io.support.PathMatchingResourcePatternResolver - Looking for matching resources in directory tree [D:\iNTELI_jA\SpringBootMySQL-CRUD\target\test-classes\com\developer\SpringMySQL]
17:48:31.843 [main] DEBUG org.springframework.core.io.support.PathMatchingResourcePatternResolver - Searching directory [D:\iNTELI_jA\SpringBootMySQL-CRUD\target\test-classes\com\developer\SpringMySQL] for files matching pattern [D:/iNTELI_jA/SpringBootMySQL-CRUD/target/test-classes/com/developer/SpringMySQL/*.class]
17:48:31.879 [main] DEBUG org.springframework.core.io.support.PathMatchingResourcePatternResolver - Resolved location pattern [classpath*:com/developer/SpringMySQL/*.class] to resources [file [D:\iNTELI_jA\SpringBootMySQL-CRUD\target\test-classes\com\developer\SpringMySQL\SpringMySqlApplicationTests.class]]
17:48:31.919 [main] DEBUG org.springframework.core.io.support.PathMatchingResourcePatternResolver - Resolved classpath location [com/developer/] to resources [URL [file:/D:/iNTELI_jA/SpringBootMySQL-CRUD/target/test-classes/com/developer/]]
17:48:31.919 [main] DEBUG org.springframework.core.io.support.PathMatchingResourcePatternResolver - Looking for matching resources in directory tree [D:\iNTELI_jA\SpringBootMySQL-CRUD\target\test-classes\com\developer]
17:48:31.919 [main] DEBUG org.springframework.core.io.support.PathMatchingResourcePatternResolver - Searching directory [D:\iNTELI_jA\SpringBootMySQL-CRUD\target\test-classes\com\developer] for files matching pattern [D:/iNTELI_jA/SpringBootMySQL-CRUD/target/test-classes/com/developer/*.class]
17:48:31.920 [main] DEBUG org.springframework.core.io.support.PathMatchingResourcePatternResolver - Resolved location pattern [classpath*:com/developer/*.class] to resources []
17:48:31.924 [main] DEBUG org.springframework.core.io.support.PathMatchingResourcePatternResolver - Resolved classpath location [com/] to resources [URL [jar:file:/C:/Program%20Files/Java/jdk1.8.0_161/jre/lib/ext/jfxrt.jar!/com/], URL [file:/D:/iNTELI_jA/SpringBootMySQL-CRUD/target/test-classes/com/], URL [file:/D:/iNTELI_jA/SpringBootMySQL-CRUD/target/classes/com/], URL [jar:file:/C:/Users/apal/.m2/repository/com/fasterxml/classmate/1.3.3/classmate-1.3.3.jar!/com/], URL [jar:file:/C:/Users/apal/.m2/repository/com/fasterxml/jackson/core/jackson-databind/2.8.8/jackson-databind-2.8.8.jar!/com/], URL [jar:file:/C:/Users/apal/.m2/repository/com/fasterxml/jackson/core/jackson-annotations/2.8.0/jackson-annotations-2.8.0.jar!/com/], URL [jar:file:/C:/Users/apal/.m2/repository/com/fasterxml/jackson/core/jackson-core/2.8.8/jackson-core-2.8.8.jar!/com/], URL [jar:file:/C:/Users/apal/.m2/repository/mysql/mysql-connector-java/5.1.42/mysql-connector-java-5.1.42.jar!/com/], URL [jar:file:/C:/Users/apal/.m2/repository/com/jayway/jsonpath/json-path/2.2.0/json-path-2.2.0.jar!/com/], URL [jar:file:/C:/Users/apal/.m2/repository/com/sun/mail/javax.mail/1.5.6/javax.mail-1.5.6.jar!/com/], URL [jar:file:/C:/Users/apal/.m2/repository/javax/activation/activation/1.1/activation-1.1.jar!/com/], URL [jar:file:/C:/Users/apal/.m2/repository/org/apache/poi/poi-ooxml-schemas/3.11/poi-ooxml-schemas-3.11.jar!/com/], URL [jar:file:/C:/Users/apal/.m2/repository/com/itextpdf/itextpdf/5.3.4/itextpdf-5.3.4.jar!/com/]]
17:48:31.925 [main] DEBUG org.springframework.core.io.support.PathMatchingResourcePatternResolver - Looking for matching resources in jar file [file:/C:/Program%20Files/Java/jdk1.8.0_161/jre/lib/ext/jfxrt.jar]
17:48:31.989 [main] DEBUG org.springframework.core.io.support.PathMatchingResourcePatternResolver - Looking for matching resources in directory tree [D:\iNTELI_jA\SpringBootMySQL-CRUD\target\test-classes\com]
17:48:31.990 [main] DEBUG org.springframework.core.io.support.PathMatchingResourcePatternResolver - Searching directory [D:\iNTELI_jA\SpringBootMySQL-CRUD\target\test-classes\com] for files matching pattern [D:/iNTELI_jA/SpringBootMySQL-CRUD/target/test-classes/com/*.class]
17:48:31.991 [main] DEBUG org.springframework.core.io.support.PathMatchingResourcePatternResolver - Looking for matching resources in directory tree [D:\iNTELI_jA\SpringBootMySQL-CRUD\target\classes\com]
17:48:31.991 [main] DEBUG org.springframework.core.io.support.PathMatchingResourcePatternResolver - Searching directory [D:\iNTELI_jA\SpringBootMySQL-CRUD\target\classes\com] for files matching pattern [D:/iNTELI_jA/SpringBootMySQL-CRUD/target/classes/com/*.class]
17:48:31.993 [main] DEBUG org.springframework.core.io.support.PathMatchingResourcePatternResolver - Looking for matching resources in jar file [file:/C:/Users/apal/.m2/repository/com/fasterxml/classmate/1.3.3/classmate-1.3.3.jar]
17:48:31.995 [main] DEBUG org.springframework.core.io.support.PathMatchingResourcePatternResolver - Looking for matching resources in jar file [file:/C:/Users/apal/.m2/repository/com/fasterxml/jackson/core/jackson-databind/2.8.8/jackson-databind-2.8.8.jar]
17:48:32.001 [main] DEBUG org.springframework.core.io.support.PathMatchingResourcePatternResolver - Looking for matching resources in jar file [file:/C:/Users/apal/.m2/repository/com/fasterxml/jackson/core/jackson-annotations/2.8.0/jackson-annotations-2.8.0.jar]
17:48:32.002 [main] DEBUG org.springframework.core.io.support.PathMatchingResourcePatternResolver - Looking for matching resources in jar file [file:/C:/Users/apal/.m2/repository/com/fasterxml/jackson/core/jackson-core/2.8.8/jackson-core-2.8.8.jar]
17:48:32.004 [main] DEBUG org.springframework.core.io.support.PathMatchingResourcePatternResolver - Looking for matching resources in jar file [file:/C:/Users/apal/.m2/repository/mysql/mysql-connector-java/5.1.42/mysql-connector-java-5.1.42.jar]
17:48:32.007 [main] DEBUG org.springframework.core.io.support.PathMatchingResourcePatternResolver - Looking for matching resources in jar file [file:/C:/Users/apal/.m2/repository/com/jayway/jsonpath/json-path/2.2.0/json-path-2.2.0.jar]
17:48:32.009 [main] DEBUG org.springframework.core.io.support.PathMatchingResourcePatternResolver - Looking for matching resources in jar file [file:/C:/Users/apal/.m2/repository/com/sun/mail/javax.mail/1.5.6/javax.mail-1.5.6.jar]
17:48:32.019 [main] DEBUG org.springframework.core.io.support.PathMatchingResourcePatternResolver - Looking for matching resources in jar file [file:/C:/Users/apal/.m2/repository/javax/activation/activation/1.1/activation-1.1.jar]
17:48:32.020 [main] DEBUG org.springframework.core.io.support.PathMatchingResourcePatternResolver - Looking for matching resources in jar file [file:/C:/Users/apal/.m2/repository/org/apache/poi/poi-ooxml-schemas/3.11/poi-ooxml-schemas-3.11.jar]
17:48:32.036 [main] DEBUG org.springframework.core.io.support.PathMatchingResourcePatternResolver - Looking for matching resources in jar file [file:/C:/Users/apal/.m2/repository/com/itextpdf/itextpdf/5.3.4/itextpdf-5.3.4.jar]
17:48:32.040 [main] DEBUG org.springframework.core.io.support.PathMatchingResourcePatternResolver - Resolved location pattern [classpath*:com/*.class] to resources []
17:48:32.047 [main] DEBUG org.springframework.test.context.junit4.SpringJUnit4ClassRunner - SpringJUnit4ClassRunner constructor called with [class com.developer.SpringMySQL.SpringMySqlApplicationTests]
17:48:32.048 [main] DEBUG org.springframework.test.context.BootstrapUtils - Instantiating CacheAwareContextLoaderDelegate from class [org.springframework.test.context.cache.DefaultCacheAwareContextLoaderDelegate]
17:48:32.049 [main] DEBUG org.springframework.test.context.BootstrapUtils - Instantiating BootstrapContext using constructor [public org.springframework.test.context.support.DefaultBootstrapContext(java.lang.Class,org.springframework.test.context.CacheAwareContextLoaderDelegate)]
17:48:32.051 [main] DEBUG org.springframework.test.context.BootstrapUtils - Instantiating TestContextBootstrapper for test class [com.developer.SpringMySQL.SpringMySqlApplicationTests] from class [org.springframework.boot.test.context.SpringBootTestContextBootstrapper]
17:48:32.053 [main] INFO org.springframework.boot.test.context.SpringBootTestContextBootstrapper - Neither @ContextConfiguration nor @ContextHierarchy found for test class [com.developer.SpringMySQL.SpringMySqlApplicationTests], using SpringBootContextLoader
17:48:32.055 [main] DEBUG org.springframework.test.context.support.AbstractContextLoader - Did not detect default resource location for test class [com.developer.SpringMySQL.SpringMySqlApplicationTests]: class path resource [com/developer/SpringMySQL/SpringMySqlApplicationTests-context.xml] does not exist
17:48:32.056 [main] DEBUG org.springframework.test.context.support.AbstractContextLoader - Did not detect default resource location for test class [com.developer.SpringMySQL.SpringMySqlApplicationTests]: class path resource [com/developer/SpringMySQL/SpringMySqlApplicationTestsContext.groovy] does not exist
17:48:32.057 [main] INFO org.springframework.test.context.support.AbstractContextLoader - Could not detect default resource locations for test class [com.developer.SpringMySQL.SpringMySqlApplicationTests]: no resource found for suffixes {-context.xml, Context.groovy}.
17:48:32.057 [main] INFO org.springframework.test.context.support.AnnotationConfigContextLoaderUtils - Could not detect default configuration classes for test class [com.developer.SpringMySQL.SpringMySqlApplicationTests]: SpringMySqlApplicationTests does not declare any static, non-private, non-final, nested classes annotated with @Configuration.
17:48:32.084 [main] DEBUG org.springframework.test.context.support.ActiveProfilesUtils - Could not find an 'annotation declaring class' for annotation type [org.springframework.test.context.ActiveProfiles] and class [com.developer.SpringMySQL.SpringMySqlApplicationTests]
17:48:32.085 [main] DEBUG org.springframework.core.env.StandardEnvironment - Adding [systemProperties] PropertySource with lowest search precedence
17:48:32.085 [main] DEBUG org.springframework.core.env.StandardEnvironment - Adding [systemEnvironment] PropertySource with lowest search precedence
17:48:32.087 [main] DEBUG org.springframework.core.env.StandardEnvironment - Initialized StandardEnvironment with PropertySources [systemProperties,systemEnvironment]
17:48:32.088 [main] DEBUG org.springframework.core.io.support.PathMatchingResourcePatternResolver - Resolved classpath location [com/developer/SpringMySQL/] to resources [URL [file:/D:/iNTELI_jA/SpringBootMySQL-CRUD/target/test-classes/com/developer/SpringMySQL/]]
17:48:32.089 [main] DEBUG org.springframework.core.io.support.PathMatchingResourcePatternResolver - Looking for matching resources in directory tree [D:\iNTELI_jA\SpringBootMySQL-CRUD\target\test-classes\com\developer\SpringMySQL]
17:48:32.089 [main] DEBUG org.springframework.core.io.support.PathMatchingResourcePatternResolver - Searching directory [D:\iNTELI_jA\SpringBootMySQL-CRUD\target\test-classes\com\developer\SpringMySQL] for files matching pattern [D:/iNTELI_jA/SpringBootMySQL-CRUD/target/test-classes/com/developer/SpringMySQL/*.class]
17:48:32.112 [main] DEBUG org.springframework.core.io.support.PathMatchingResourcePatternResolver - Resolved location pattern [classpath*:com/developer/SpringMySQL/*.class] to resources [file [D:\iNTELI_jA\SpringBootMySQL-CRUD\target\test-classes\com\developer\SpringMySQL\SpringMySqlApplicationTests.class]]
17:48:32.117 [main] DEBUG org.springframework.core.io.support.PathMatchingResourcePatternResolver - Resolved classpath location [com/developer/] to resources [URL [file:/D:/iNTELI_jA/SpringBootMySQL-CRUD/target/test-classes/com/developer/]]
17:48:32.118 [main] DEBUG org.springframework.core.io.support.PathMatchingResourcePatternResolver - Looking for matching resources in directory tree [D:\iNTELI_jA\SpringBootMySQL-CRUD\target\test-classes\com\developer]
17:48:32.118 [main] DEBUG org.springframework.core.io.support.PathMatchingResourcePatternResolver - Searching directory [D:\iNTELI_jA\SpringBootMySQL-CRUD\target\test-classes\com\developer] for files matching pattern [D:/iNTELI_jA/SpringBootMySQL-CRUD/target/test-classes/com/developer/*.class]
17:48:32.119 [main] DEBUG org.springframework.core.io.support.PathMatchingResourcePatternResolver - Resolved location pattern [classpath*:com/developer/*.class] to resources []
17:48:32.122 [main] DEBUG org.springframework.core.io.support.PathMatchingResourcePatternResolver - Resolved classpath location [com/] to resources [URL [jar:file:/C:/Program%20Files/Java/jdk1.8.0_161/jre/lib/ext/jfxrt.jar!/com/], URL [file:/D:/iNTELI_jA/SpringBootMySQL-CRUD/target/test-classes/com/], URL [file:/D:/iNTELI_jA/SpringBootMySQL-CRUD/target/classes/com/], URL [jar:file:/C:/Users/apal/.m2/repository/com/fasterxml/classmate/1.3.3/classmate-1.3.3.jar!/com/], URL [jar:file:/C:/Users/apal/.m2/repository/com/fasterxml/jackson/core/jackson-databind/2.8.8/jackson-databind-2.8.8.jar!/com/], URL [jar:file:/C:/Users/apal/.m2/repository/com/fasterxml/jackson/core/jackson-annotations/2.8.0/jackson-annotations-2.8.0.jar!/com/], URL [jar:file:/C:/Users/apal/.m2/repository/com/fasterxml/jackson/core/jackson-core/2.8.8/jackson-core-2.8.8.jar!/com/], URL [jar:file:/C:/Users/apal/.m2/repository/mysql/mysql-connector-java/5.1.42/mysql-connector-java-5.1.42.jar!/com/], URL [jar:file:/C:/Users/apal/.m2/repository/com/jayway/jsonpath/json-path/2.2.0/json-path-2.2.0.jar!/com/], URL [jar:file:/C:/Users/apal/.m2/repository/com/sun/mail/javax.mail/1.5.6/javax.mail-1.5.6.jar!/com/], URL [jar:file:/C:/Users/apal/.m2/repository/javax/activation/activation/1.1/activation-1.1.jar!/com/], URL [jar:file:/C:/Users/apal/.m2/repository/org/apache/poi/poi-ooxml-schemas/3.11/poi-ooxml-schemas-3.11.jar!/com/], URL [jar:file:/C:/Users/apal/.m2/repository/com/itextpdf/itextpdf/5.3.4/itextpdf-5.3.4.jar!/com/]]
17:48:32.123 [main] DEBUG org.springframework.core.io.support.PathMatchingResourcePatternResolver - Looking for matching resources in jar file [file:/C:/Program%20Files/Java/jdk1.8.0_161/jre/lib/ext/jfxrt.jar]
17:48:32.192 [main] DEBUG org.springframework.core.io.support.PathMatchingResourcePatternResolver - Looking for matching resources in directory tree [D:\iNTELI_jA\SpringBootMySQL-CRUD\target\test-classes\com]
17:48:32.192 [main] DEBUG org.springframework.core.io.support.PathMatchingResourcePatternResolver - Searching directory [D:\iNTELI_jA\SpringBootMySQL-CRUD\target\test-classes\com] for files matching pattern [D:/iNTELI_jA/SpringBootMySQL-CRUD/target/test-classes/com/*.class]
17:48:32.193 [main] DEBUG org.springframework.core.io.support.PathMatchingResourcePatternResolver - Looking for matching resources in directory tree [D:\iNTELI_jA\SpringBootMySQL-CRUD\target\classes\com]
17:48:32.194 [main] DEBUG org.springframework.core.io.support.PathMatchingResourcePatternResolver - Searching directory [D:\iNTELI_jA\SpringBootMySQL-CRUD\target\classes\com] for files matching pattern [D:/iNTELI_jA/SpringBootMySQL-CRUD/target/classes/com/*.class]
17:48:32.202 [main] DEBUG org.springframework.core.io.support.PathMatchingResourcePatternResolver - Looking for matching resources in jar file [file:/C:/Users/apal/.m2/repository/com/fasterxml/classmate/1.3.3/classmate-1.3.3.jar]
17:48:32.203 [main] DEBUG org.springframework.core.io.support.PathMatchingResourcePatternResolver - Looking for matching resources in jar file [file:/C:/Users/apal/.m2/repository/com/fasterxml/jackson/core/jackson-databind/2.8.8/jackson-databind-2.8.8.jar]
17:48:32.215 [main] DEBUG org.springframework.core.io.support.PathMatchingResourcePatternResolver - Looking for matching resources in jar file [file:/C:/Users/apal/.m2/repository/com/fasterxml/jackson/core/jackson-annotations/2.8.0/jackson-annotations-2.8.0.jar]
17:48:32.218 [main] DEBUG org.springframework.core.io.support.PathMatchingResourcePatternResolver - Looking for matching resources in jar file [file:/C:/Users/apal/.m2/repository/com/fasterxml/jackson/core/jackson-core/2.8.8/jackson-core-2.8.8.jar]
17:48:32.220 [main] DEBUG org.springframework.core.io.support.PathMatchingResourcePatternResolver - Looking for matching resources in jar file [file:/C:/Users/apal/.m2/repository/mysql/mysql-connector-java/5.1.42/mysql-connector-java-5.1.42.jar]
17:48:32.224 [main] DEBUG org.springframework.core.io.support.PathMatchingResourcePatternResolver - Looking for matching resources in jar file [file:/C:/Users/apal/.m2/repository/com/jayway/jsonpath/json-path/2.2.0/json-path-2.2.0.jar]
17:48:32.225 [main] DEBUG org.springframework.core.io.support.PathMatchingResourcePatternResolver - Looking for matching resources in jar file [file:/C:/Users/apal/.m2/repository/com/sun/mail/javax.mail/1.5.6/javax.mail-1.5.6.jar]
17:48:32.227 [main] DEBUG org.springframework.core.io.support.PathMatchingResourcePatternResolver - Looking for matching resources in jar file [file:/C:/Users/apal/.m2/repository/javax/activation/activation/1.1/activation-1.1.jar]
17:48:32.228 [main] DEBUG org.springframework.core.io.support.PathMatchingResourcePatternResolver - Looking for matching resources in jar file [file:/C:/Users/apal/.m2/repository/org/apache/poi/poi-ooxml-schemas/3.11/poi-ooxml-schemas-3.11.jar]
17:48:32.254 [main] DEBUG org.springframework.core.io.support.PathMatchingResourcePatternResolver - Looking for matching resources in jar file [file:/C:/Users/apal/.m2/repository/com/itextpdf/itextpdf/5.3.4/itextpdf-5.3.4.jar]
17:48:32.260 [main] DEBUG org.springframework.core.io.support.PathMatchingResourcePatternResolver - Resolved location pattern [classpath*:com/*.class] to resources []
]]></system-out>
  </testcase>
</testsuite>